<?xml version="1.0" encoding="UTF-8"?>
<testng-results skipped="0" failed="0" ignored="0" total="0" passed="0">
  <reporter-output>
  </reporter-output>
  <suite name="Testrunner.TestRunner" duration-ms="10" started-at="2021-02-26T18:17:04 CST" finished-at="2021-02-26T18:17:04 CST">
    <groups>
    </groups>
    <test name="Command line test" duration-ms="10" started-at="2021-02-26T18:17:04 CST" finished-at="2021-02-26T18:17:04 CST">
    </test> <!-- Command line test -->
  </suite> <!-- Testrunner.TestRunner -->
</testng-results>
